\BOOKMARK [0][-]{chapter.1}{\376\377\000I\000n\000t\000r\000o\000d\000u\000c\000t\000i\000o\000n}{}% 1
\BOOKMARK [0][-]{chapter.2}{\376\377\000G\000r\000o\000u\000p\000\040\000T\000h\000e\000o\000r\000y\000\040\000B\000a\000s\000i\000c\000s}{}% 2
\BOOKMARK [1][-]{section.2.1}{\376\377\000L\000i\000e\000\040\000G\000r\000o\000u\000p\000s\000\040\000a\000n\000d\000\040\000A\000l\000g\000e\000b\000r\000a}{chapter.2}% 3
\BOOKMARK [1][-]{section.2.2}{\376\377\000G\000r\000o\000u\000p\000\040\000R\000e\000p\000r\000e\000s\000e\000n\000t\000a\000t\000i\000o\000n\000s}{chapter.2}% 4
\BOOKMARK [1][-]{section.2.3}{\376\377\000A\000l\000g\000e\000b\000r\000a\000\040\000R\000e\000p\000r\000e\000s\000e\000n\000t\000a\000t\000i\000o\000n\000s}{chapter.2}% 5
\BOOKMARK [1][-]{section.2.4}{\376\377\000C\000a\000s\000i\000m\000i\000r\000\040\000O\000p\000e\000r\000a\000t\000o\000r\000s}{chapter.2}% 6
\BOOKMARK [0][-]{chapter.3}{\376\377\000S\000y\000m\000m\000e\000t\000r\000i\000e\000s\000\040\000i\000n\000\040\000Q\000u\000a\000n\000t\000u\000m\000\040\000M\000e\000c\000h\000a\000n\000i\000c\000s}{}% 7
\BOOKMARK [0][-]{chapter.4}{\376\377\000T\000h\000e\000\040\000G\000r\000o\000u\000p\000s\000\040\000S\000O\000\050\0003\000\051\000\040\000a\000n\000d\000\040\000S\000U\000\050\0002\000\051\000\040\000a\000n\000d\000\040\000t\000h\000e\000i\000r\000\040\000R\000e\000p\000r\000e\000s\000e\000n\000t\000a\000t\000i\000o\000n\000s}{}% 8
\BOOKMARK [1][-]{section.4.1}{\376\377\000T\000h\000e\000\040\000G\000r\000o\000u\000p\000\040\000S\000O\000\050\0003\000\051}{chapter.4}% 9
\BOOKMARK [1][-]{section.4.2}{\376\377\000T\000h\000e\000\040\000G\000r\000o\000u\000p\000\040\000S\000U\000\050\0002\000\051}{chapter.4}% 10
\BOOKMARK [1][-]{section.4.3}{\376\377\000R\000e\000p\000r\000e\000s\000e\000n\000t\000a\000t\000i\000o\000n\000\040\000o\000f\000\040\000t\000h\000e\000\040\000A\000l\000g\000e\000b\000r\000a\000\040\000i\000s\000o\000m\000o\000r\000p\000h\000i\000c}{chapter.4}% 11
\BOOKMARK [1][-]{section.4.4}{\376\377\000H\000a\000l\000f\000-\000i\000n\000t\000e\000g\000e\000r\000\040\000s\000p\000i\000n\000\040\000i\000r\000r\000e\000d\000u\000c\000i\000b\000l\000e\000\040\000r\000e\000p\000r\000e\000s\000e\000n\000t\000a\000t\000i\000o\000n\000.}{chapter.4}% 12
\BOOKMARK [1][-]{section.4.5}{\376\377\000R\000e\000l\000a\000t\000i\000o\000n\000\040\000b\000e\000t\000w\000e\000e\000n\000\040\000S\000O\000\050\0003\000\051\000\040\000a\000n\000d\000\040\000S\000U\000\050\0002\000\051\000\040\000a\000n\000d\000\040\000P\000r\000o\000o\000f\000\040\000o\000f\000\040\000D\000o\000u\000b\000l\000e\000\040\000C\000o\000v\000e\000r\000n\000e\000s\000s}{chapter.4}% 13
\BOOKMARK [0][-]{chapter.5}{\376\377\000L\000o\000r\000e\000n\000t\000z\000\040\000G\000r\000o\000u\000p\000\040\000a\000n\000d\000\040\000i\000t\000s\000\040\000R\000e\000p\000r\000e\000s\000e\000n\000t\000a\000t\000i\000o\000n\000s}{}% 14
\BOOKMARK [1][-]{section.5.1}{\376\377\000L\000o\000r\000e\000n\000t\000z\000\040\000G\000r\000o\000u\000p}{chapter.5}% 15
\BOOKMARK [1][-]{section.5.2}{\376\377\000L\000o\000r\000e\000n\000t\000z\000\040\000A\000l\000g\000e\000b\000r\000a}{chapter.5}% 16
\BOOKMARK [2][-]{subsection.5.2.1}{\376\377\000T\000r\000i\000v\000i\000a\000l\000\040\000R\000e\000p\000r\000e\000s\000e\000n\000t\000a\000t\000i\000o\000n}{section.5.2}% 17
\BOOKMARK [2][-]{subsection.5.2.2}{\376\377\000V\000e\000c\000t\000o\000r\000\040\000R\000e\000p\000r\000e\000s\000e\000n\000t\000a\000t\000i\000o\000n}{section.5.2}% 18
\BOOKMARK [2][-]{subsection.5.2.3}{\376\377\000T\000e\000n\000s\000o\000r\000\040\000R\000e\000p\000r\000e\000s\000e\000n\000t\000a\000t\000i\000o\000n}{section.5.2}% 19
\BOOKMARK [2][-]{subsection.5.2.4}{\376\377\000D\000e\000c\000o\000m\000p\000o\000s\000i\000t\000i\000o\000n\000\040\000o\000f\000\040\000L\000o\000r\000e\000n\000t\000z\000\040\000t\000e\000n\000s\000o\000r\000s\000\040\000u\000n\000d\000e\000r\000\040\000S\000O\000\050\0003\000\051}{section.5.2}% 20
\BOOKMARK [2][-]{subsection.5.2.5}{\376\377\000S\000p\000i\000n\000o\000r\000i\000a\000l\000\040\000R\000e\000p\000r\000e\000s\000e\000n\000t\000a\000t\000i\000o\000n}{section.5.2}% 21
\BOOKMARK [2][-]{subsection.5.2.6}{\376\377\000F\000i\000e\000l\000d\000\040\000R\000e\000p\000r\000e\000s\000e\000n\000t\000a\000t\000i\000o\000n}{section.5.2}% 22
\BOOKMARK [0][-]{chapter.6}{\376\377\000P\000o\000i\000n\000c\000a\000r\000\351\000\040\000G\000r\000o\000u\000p\000\040\000a\000n\000d\000\040\000i\000t\000s\000\040\000R\000e\000p\000r\000e\000s\000e\000n\000t\000a\000t\000i\000o\000n\000s}{}% 23
\BOOKMARK [1][-]{section.6.1}{\376\377\000P\000o\000i\000n\000c\000a\000r\000\351\000\040\000G\000r\000o\000u\000p}{chapter.6}% 24
\BOOKMARK [1][-]{section.6.2}{\376\377\000P\000o\000i\000n\000c\000a\000r\000\351\000\040\000A\000l\000g\000e\000b\000r\000a}{chapter.6}% 25
\BOOKMARK [1][-]{section.6.3}{\376\377\000F\000i\000e\000l\000d\000\040\000R\000e\000p\000r\000e\000s\000e\000n\000t\000a\000t\000i\000o\000n}{chapter.6}% 26
\BOOKMARK [1][-]{section.6.4}{\376\377\000U\000n\000i\000t\000a\000r\000y\000\040\000R\000e\000p\000r\000e\000s\000e\000n\000t\000a\000t\000i\000o\000n\000s\000\040\000o\000f\000\040\000t\000h\000e\000\040\000P\000o\000i\000n\000c\000a\000r\000\351\000\040\000G\000r\000o\000u\000p}{chapter.6}% 27
\BOOKMARK [0][-]{chapter.7}{\376\377\000A\000c\000t\000i\000o\000n}{}% 28
\BOOKMARK [1][-]{section.7.1}{\376\377\000H\000y\000p\000e\000r\000s\000u\000r\000f\000a\000c\000e\000s\000\040\000a\000n\000d\000\040\000G\000a\000u\000s\000s\000\040\000T\000h\000e\000o\000r\000e\000m}{chapter.7}% 29
\BOOKMARK [1][-]{section.7.2}{\376\377\000P\000o\000i\000n\000c\000a\000r\000\351\000\040\000I\000n\000v\000a\000r\000i\000a\000n\000t\000\040\000A\000c\000t\000i\000o\000n}{chapter.7}% 30
\BOOKMARK [0][-]{chapter.8}{\376\377\000G\000i\000g\000i\000\040\000B\000e\000l\000l\000i\000s\000s\000i\000m\000o}{}% 31
\BOOKMARK [0][-]{appendix.A}{\376\377\000C\000o\000n\000v\000e\000n\000t\000i\000o\000n\000s}{}% 32
\BOOKMARK [1][-]{section.A.1}{\376\377\000L\000e\000v\000i\000-\000C\000i\000v\000i\000t\000a\000\040\000S\000y\000m\000b\000o\000l}{appendix.A}% 33
